  [1m[36mSQL (1.4ms)[0m  [1mCREATE EXTENSION IF NOT EXISTS "plpgsql"[0m
  [1m[35m (8.5ms)[0m  CREATE TABLE "users" ("id" serial primary key, "email" character varying DEFAULT '' NOT NULL, "encrypted_password" character varying DEFAULT '' NOT NULL, "reset_password_token" character varying, "reset_password_sent_at" timestamp, "remember_created_at" timestamp, "sign_in_count" integer DEFAULT 0 NOT NULL, "current_sign_in_at" timestamp, "last_sign_in_at" timestamp, "current_sign_in_ip" inet, "last_sign_in_ip" inet, "created_at" timestamp NOT NULL, "updated_at" timestamp NOT NULL, "auth_token" character varying DEFAULT '') 
  [1m[36m (1.6ms)[0m  [1mCREATE UNIQUE INDEX  "index_users_on_auth_token" ON "users" USING btree ("auth_token")[0m
  [1m[35m (1.0ms)[0m  CREATE UNIQUE INDEX  "index_users_on_email" ON "users" USING btree ("email")
  [1m[36m (0.9ms)[0m  [1mCREATE UNIQUE INDEX  "index_users_on_reset_password_token" ON "users" USING btree ("reset_password_token")[0m
  [1m[35m (1.8ms)[0m  CREATE TABLE "schema_migrations" ("version" character varying NOT NULL) 
  [1m[36m (1.0ms)[0m  [1mCREATE UNIQUE INDEX  "unique_schema_migrations" ON "schema_migrations"  ("version")[0m
  [1m[35m (0.3ms)[0m  SELECT version FROM "schema_migrations"
  [1m[36m (0.5ms)[0m  [1mINSERT INTO "schema_migrations" (version) VALUES ('20150910163355')[0m
  [1m[35m (0.4ms)[0m  INSERT INTO "schema_migrations" (version) VALUES ('20150910080412')
  [1m[36mSQL (0.4ms)[0m  [1mCREATE EXTENSION IF NOT EXISTS "plpgsql"[0m
  [1m[35m (4.4ms)[0m  CREATE TABLE "users" ("id" serial primary key, "email" character varying DEFAULT '' NOT NULL, "encrypted_password" character varying DEFAULT '' NOT NULL, "reset_password_token" character varying, "reset_password_sent_at" timestamp, "remember_created_at" timestamp, "sign_in_count" integer DEFAULT 0 NOT NULL, "current_sign_in_at" timestamp, "last_sign_in_at" timestamp, "current_sign_in_ip" inet, "last_sign_in_ip" inet, "created_at" timestamp NOT NULL, "updated_at" timestamp NOT NULL, "auth_token" character varying DEFAULT '') 
  [1m[36m (1.1ms)[0m  [1mCREATE UNIQUE INDEX  "index_users_on_auth_token" ON "users" USING btree ("auth_token")[0m
  [1m[35m (1.0ms)[0m  CREATE UNIQUE INDEX  "index_users_on_email" ON "users" USING btree ("email")
  [1m[36m (1.1ms)[0m  [1mCREATE UNIQUE INDEX  "index_users_on_reset_password_token" ON "users" USING btree ("reset_password_token")[0m
  [1m[35m (1.7ms)[0m  CREATE TABLE "schema_migrations" ("version" character varying NOT NULL) 
  [1m[36m (0.9ms)[0m  [1mCREATE UNIQUE INDEX  "unique_schema_migrations" ON "schema_migrations"  ("version")[0m
  [1m[35m (0.3ms)[0m  SELECT version FROM "schema_migrations"
  [1m[36m (0.4ms)[0m  [1mINSERT INTO "schema_migrations" (version) VALUES ('20150910163355')[0m
  [1m[35m (0.3ms)[0m  INSERT INTO "schema_migrations" (version) VALUES ('20150910080412')
  [1m[36mActiveRecord::SchemaMigration Load (0.4ms)[0m  [1mSELECT "schema_migrations".* FROM "schema_migrations"[0m


Started GET "/" for 127.0.0.1 at 2015-09-11 16:19:23 +0800
  [1m[36mActiveRecord::SchemaMigration Load (0.6ms)[0m  [1mSELECT "schema_migrations".* FROM "schema_migrations"[0m
Processing by PagesController#home as HTML
  Rendered pages/home.html.erb within layouts/application (0.9ms)
Completed 200 OK in 1498ms (Views: 1480.0ms | ActiveRecord: 0.0ms)


Started GET "/assets/pages.self-e3b0c44298fc1c149afbf4c8996fb92427ae41e4649b934ca495991b7852b855.css?body=1" for 127.0.0.1 at 2015-09-11 16:19:25 +0800


Started GET "/assets/jquery.self-a714331225dda820228db323939889f149aec0127aeb06255646b616ba1ca419.js?body=1" for 127.0.0.1 at 2015-09-11 16:19:25 +0800


Started GET "/assets/turbolinks.self-c37727e9bd6b2735da5c311aa83fead54ed0be6cc8bd9a65309e9c5abe2cbfff.js?body=1" for 127.0.0.1 at 2015-09-11 16:19:25 +0800


Started GET "/assets/users.self-e3b0c44298fc1c149afbf4c8996fb92427ae41e4649b934ca495991b7852b855.css?body=1" for 127.0.0.1 at 2015-09-11 16:19:25 +0800


Started GET "/assets/jquery_ujs.self-d456baa54c1fa6be2ec3711f0a72ddf7a5b2f34a6b4f515f33767d6207b7d4b3.js?body=1" for 127.0.0.1 at 2015-09-11 16:19:25 +0800


Started GET "/assets/sessions.self-e3b0c44298fc1c149afbf4c8996fb92427ae41e4649b934ca495991b7852b855.css?body=1" for 127.0.0.1 at 2015-09-11 16:19:25 +0800


Started GET "/assets/application.self-e80e8f2318043e8af94dddc2adad5a4f09739a8ebb323b3ab31cd71d45fd9113.css?body=1" for 127.0.0.1 at 2015-09-11 16:19:25 +0800


Started GET "/assets/pages.self-877aef30ae1b040ab8a3aba4e3e309a11d7f2612f44dde450b5c157aa5f95c05.js?body=1" for 127.0.0.1 at 2015-09-11 16:19:25 +0800


Started GET "/assets/sessions.self-877aef30ae1b040ab8a3aba4e3e309a11d7f2612f44dde450b5c157aa5f95c05.js?body=1" for 127.0.0.1 at 2015-09-11 16:19:25 +0800


Started GET "/assets/users.self-877aef30ae1b040ab8a3aba4e3e309a11d7f2612f44dde450b5c157aa5f95c05.js?body=1" for 127.0.0.1 at 2015-09-11 16:19:25 +0800


Started GET "/assets/application.self-3b8dabdc891efe46b9a144b400ad69e37d7e5876bdc39dee783419a69d7ca819.js?body=1" for 127.0.0.1 at 2015-09-11 16:19:25 +0800


Started GET "/" for 127.0.0.1 at 2015-09-11 16:22:57 +0800
  [1m[36mActiveRecord::SchemaMigration Load (0.4ms)[0m  [1mSELECT "schema_migrations".* FROM "schema_migrations"[0m
Processing by PagesController#home as HTML
  Rendered pages/home.html.erb within layouts/application (1.3ms)
Completed 200 OK in 267ms (Views: 249.1ms | ActiveRecord: 0.0ms)


Started GET "/assets/pages.self-e3b0c44298fc1c149afbf4c8996fb92427ae41e4649b934ca495991b7852b855.css?body=1" for 127.0.0.1 at 2015-09-11 16:22:57 +0800


Started GET "/assets/users.self-e3b0c44298fc1c149afbf4c8996fb92427ae41e4649b934ca495991b7852b855.css?body=1" for 127.0.0.1 at 2015-09-11 16:22:57 +0800


Started GET "/assets/jquery.self-a714331225dda820228db323939889f149aec0127aeb06255646b616ba1ca419.js?body=1" for 127.0.0.1 at 2015-09-11 16:22:57 +0800


Started GET "/assets/turbolinks.self-c37727e9bd6b2735da5c311aa83fead54ed0be6cc8bd9a65309e9c5abe2cbfff.js?body=1" for 127.0.0.1 at 2015-09-11 16:22:57 +0800


Started GET "/assets/sessions.self-877aef30ae1b040ab8a3aba4e3e309a11d7f2612f44dde450b5c157aa5f95c05.js?body=1" for 127.0.0.1 at 2015-09-11 16:22:57 +0800


Started GET "/assets/application.self-3b8dabdc891efe46b9a144b400ad69e37d7e5876bdc39dee783419a69d7ca819.js?body=1" for 127.0.0.1 at 2015-09-11 16:22:57 +0800


Started GET "/assets/sessions.self-e3b0c44298fc1c149afbf4c8996fb92427ae41e4649b934ca495991b7852b855.css?body=1" for 127.0.0.1 at 2015-09-11 16:22:59 +0800
  [1m[36mActiveRecord::SchemaMigration Load (0.3ms)[0m  [1mSELECT "schema_migrations".* FROM "schema_migrations"[0m


Started GET "/assets/application.self-e80e8f2318043e8af94dddc2adad5a4f09739a8ebb323b3ab31cd71d45fd9113.css?body=1" for 127.0.0.1 at 2015-09-11 16:22:59 +0800


Started GET "/assets/jquery_ujs.self-d456baa54c1fa6be2ec3711f0a72ddf7a5b2f34a6b4f515f33767d6207b7d4b3.js?body=1" for 127.0.0.1 at 2015-09-11 16:22:59 +0800


Started GET "/assets/pages.self-877aef30ae1b040ab8a3aba4e3e309a11d7f2612f44dde450b5c157aa5f95c05.js?body=1" for 127.0.0.1 at 2015-09-11 16:22:59 +0800


Started GET "/assets/users.self-877aef30ae1b040ab8a3aba4e3e309a11d7f2612f44dde450b5c157aa5f95c05.js?body=1" for 127.0.0.1 at 2015-09-11 16:22:59 +0800


Started GET "/user" for 127.0.0.1 at 2015-09-11 16:23:04 +0800

ActionController::RoutingError (No route matches [GET] "/user"):
  actionpack (4.2.1) lib/action_dispatch/middleware/debug_exceptions.rb:21:in `call'
  web-console (2.2.1) lib/web_console/middleware.rb:39:in `call'
  actionpack (4.2.1) lib/action_dispatch/middleware/show_exceptions.rb:30:in `call'
  railties (4.2.1) lib/rails/rack/logger.rb:38:in `call_app'
  railties (4.2.1) lib/rails/rack/logger.rb:20:in `block in call'
  activesupport (4.2.1) lib/active_support/tagged_logging.rb:68:in `block in tagged'
  activesupport (4.2.1) lib/active_support/tagged_logging.rb:26:in `tagged'
  activesupport (4.2.1) lib/active_support/tagged_logging.rb:68:in `tagged'
  railties (4.2.1) lib/rails/rack/logger.rb:20:in `call'
  actionpack (4.2.1) lib/action_dispatch/middleware/request_id.rb:21:in `call'
  rack (1.6.4) lib/rack/methodoverride.rb:22:in `call'
  rack (1.6.4) lib/rack/runtime.rb:18:in `call'
  activesupport (4.2.1) lib/active_support/cache/strategy/local_cache_middleware.rb:28:in `call'
  rack (1.6.4) lib/rack/lock.rb:17:in `call'
  actionpack (4.2.1) lib/action_dispatch/middleware/static.rb:113:in `call'
  rack (1.6.4) lib/rack/sendfile.rb:113:in `call'
  railties (4.2.1) lib/rails/engine.rb:518:in `call'
  railties (4.2.1) lib/rails/application.rb:164:in `call'
  /Users/leimingyu/Library/Application Support/Pow/Versions/0.5.0/node_modules/nack/lib/nack/server.rb:155:in `handle'
  /Users/leimingyu/Library/Application Support/Pow/Versions/0.5.0/node_modules/nack/lib/nack/server.rb:109:in `rescue in block (2 levels) in start'
  /Users/leimingyu/Library/Application Support/Pow/Versions/0.5.0/node_modules/nack/lib/nack/server.rb:106:in `block (2 levels) in start'
  /Users/leimingyu/Library/Application Support/Pow/Versions/0.5.0/node_modules/nack/lib/nack/server.rb:96:in `each'
  /Users/leimingyu/Library/Application Support/Pow/Versions/0.5.0/node_modules/nack/lib/nack/server.rb:96:in `block in start'
  /Users/leimingyu/Library/Application Support/Pow/Versions/0.5.0/node_modules/nack/lib/nack/server.rb:76:in `loop'
  /Users/leimingyu/Library/Application Support/Pow/Versions/0.5.0/node_modules/nack/lib/nack/server.rb:76:in `start'
  /Users/leimingyu/Library/Application Support/Pow/Versions/0.5.0/node_modules/nack/lib/nack/server.rb:12:in `run'
  /Users/leimingyu/Library/Application Support/Pow/Versions/0.5.0/node_modules/nack/bin/nack_worker:4:in `<main>'


  Rendered /Library/Ruby/Gems/2.0.0/gems/actionpack-4.2.1/lib/action_dispatch/middleware/templates/rescues/_trace.html.erb (1.8ms)
  Rendered /Library/Ruby/Gems/2.0.0/gems/actionpack-4.2.1/lib/action_dispatch/middleware/templates/routes/_route.html.erb (1.5ms)
  Rendered /Library/Ruby/Gems/2.0.0/gems/actionpack-4.2.1/lib/action_dispatch/middleware/templates/routes/_table.html.erb (7.2ms)
  Rendered /Library/Ruby/Gems/2.0.0/gems/actionpack-4.2.1/lib/action_dispatch/middleware/templates/rescues/_request_and_response.html.erb (0.9ms)
  Rendered /Library/Ruby/Gems/2.0.0/gems/actionpack-4.2.1/lib/action_dispatch/middleware/templates/rescues/routing_error.html.erb within rescues/layout (83.4ms)
  Rendered /Library/Ruby/Gems/2.0.0/gems/web-console-2.2.1/lib/web_console/templates/_markup.html.erb (0.5ms)
  Rendered /Library/Ruby/Gems/2.0.0/gems/web-console-2.2.1/lib/web_console/templates/_inner_console_markup.html.erb within layouts/inlined_string (0.2ms)
  Rendered /Library/Ruby/Gems/2.0.0/gems/web-console-2.2.1/lib/web_console/templates/_prompt_box_markup.html.erb within layouts/inlined_string (0.2ms)
  Rendered /Library/Ruby/Gems/2.0.0/gems/web-console-2.2.1/lib/web_console/templates/style.css.erb within layouts/inlined_string (0.4ms)
  Rendered /Library/Ruby/Gems/2.0.0/gems/web-console-2.2.1/lib/web_console/templates/console.js.erb within layouts/javascript (13.4ms)
  Rendered /Library/Ruby/Gems/2.0.0/gems/web-console-2.2.1/lib/web_console/templates/main.js.erb within layouts/javascript (0.2ms)
  Rendered /Library/Ruby/Gems/2.0.0/gems/web-console-2.2.1/lib/web_console/templates/error_page.js.erb within layouts/javascript (0.2ms)
  Rendered /Library/Ruby/Gems/2.0.0/gems/web-console-2.2.1/lib/web_console/templates/index.html.erb (27.4ms)
